2022/1/6 下午 01:39:49	檢查程式是否有效，有效日期至2022/12/31	
2022/1/6 下午 01:39:50	OK	
2022/1/6 下午 01:39:51	檢查檔案是否存在	
2022/1/6 下午 01:39:52	OK	
2022/1/6 下午 01:39:53	讀取Excel檔案	
2022/1/6 下午 01:39:55	OK	
2022/1/6 下午 01:39:56	清空相同年度級距表	
2022/1/6 下午 01:39:57	OK	
2022/1/6 下午 01:39:58	開始匯入資料	
2022/1/6 下午 01:40:01	級距表匯入完成	
2022/1/6 下午 01:40:02	修改所得稅最大級距	
2022/1/6 下午 01:40:03	修改所得稅最大級距完成，共更新1筆資料	
2022/1/6 下午 01:40:05	更新補充保費扣繳門檻( 25250 )	
2022/1/6 下午 01:40:06	更新補充保費扣繳門檻，共更新8筆資料	
2022/1/6 下午 01:40:07	更新勞保普通費率( 10% => 10.5% )	
2022/1/6 下午 01:40:08	更新勞保普通費率完成，共更新5筆資料	
2022/1/6 下午 01:40:09	更新健保費率( 5.17% )	
2022/1/6 下午 01:40:10	更新健保費率完成，共更新75筆資料	
2022/1/6 下午 01:40:11	更新MAIN.INI設定	
2022/1/6 下午 01:40:12	更新MAIN.INI設定完成	
2022/1/6 下午 01:40:13	開始進行-保險級距25250失效更新	
2022/1/6 下午 01:40:14	完成-保險級距{0}失效更新	25250	
2022/1/6 下午 01:40:14	完成-保險級距更新	
2022/1/6 下午 01:40:15	開始進行-保險級距25250新增	
2022/1/6 下午 01:40:15	完成-保險級距{0}新增	25250	
2022/1/6 下午 01:40:15	完成-保險級距新增	
2022/1/6 下午 01:40:16	執行完畢	
2022/1/6 下午 01:41:27	檢查程式是否有效，有效日期至2022/12/31	
2022/1/6 下午 01:41:28	OK	
2022/1/6 下午 01:41:29	檢查檔案是否存在	
2022/1/6 下午 01:41:30	OK	
2022/1/6 下午 01:41:31	讀取Excel檔案	
2022/1/6 下午 01:41:37	OK	
2022/1/6 下午 01:41:38	清空相同年度級距表	
2022/1/6 下午 01:41:39	OK	
2022/1/6 下午 01:41:40	開始匯入資料	
2022/1/6 下午 01:41:43	級距表匯入完成	
2022/1/6 下午 01:41:44	修改所得稅最大級距	
2022/1/6 下午 01:41:45	修改所得稅最大級距完成，共更新1筆資料	
2022/1/6 下午 01:41:47	更新補充保費扣繳門檻( 25250 )	
2022/1/6 下午 01:41:48	更新補充保費扣繳門檻，共更新8筆資料	
2022/1/6 下午 01:41:49	更新勞保普通費率( 10% => 10.5% )	
2022/1/6 下午 01:41:50	更新勞保普通費率完成，共更新0筆資料	
2022/1/6 下午 01:41:51	更新健保費率( 5.17% )	
2022/1/6 下午 01:41:52	更新健保費率完成，共更新76筆資料	
2022/1/6 下午 01:41:53	更新MAIN.INI設定	
2022/1/6 下午 01:41:54	更新MAIN.INI設定完成	
2022/1/6 下午 01:41:55	開始進行-保險級距25250失效更新	
2022/1/6 下午 01:41:55	完成-保險級距{0}失效更新	25250	
2022/1/6 下午 01:41:56	完成-保險級距更新	
2022/1/6 下午 01:41:57	開始進行-保險級距25250新增	
2022/1/6 下午 01:41:57	完成-保險級距{0}新增	25250	
2022/1/6 下午 01:41:57	完成-保險級距新增	
2022/1/6 下午 01:41:58	執行完畢	
